RUN	load.computerdatabase.advanced.ScalaAdvancedSimulationStep02		scalaadvancedsimulationstep02	1665678606248	 	2.0
USER	Users	1	START	1665678606781	1665678606781
USER	Admins	2	START	1665678606803	1665678606803
REQUEST	Admins	2		Home	1665678606803	1665678607051	OK	 
REQUEST	Users	1		Home	1665678606796	1665678607045	OK	 
REQUEST	Users	1		Home Redirect 1	1665678607054	1665678607198	OK	 
REQUEST	Admins	2		Home Redirect 1	1665678607054	1665678607198	OK	 
REQUEST	Users	1		Search	1665678608221	1665678608345	OK	 
REQUEST	Admins	2		Search	1665678608221	1665678608345	OK	 
REQUEST	Users	1		Select	1665678609344	1665678609465	OK	 
REQUEST	Admins	2		Select	1665678609345	1665678609466	OK	 
REQUEST	Users	1		Home	1665678610451	1665678610567	OK	 
REQUEST	Admins	2		Home	1665678610451	1665678610569	OK	 
REQUEST	Users	1		Home Redirect 1	1665678610567	1665678610686	OK	 
REQUEST	Admins	2		Home Redirect 1	1665678610570	1665678610687	OK	 
REQUEST	Users	1		Page 1	1665678612700	1665678612818	OK	 
REQUEST	Admins	2		Page 1	1665678612700	1665678612821	OK	 
REQUEST	Users	1		Page 2	1665678613479	1665678613595	OK	 
REQUEST	Admins	2		Page 2	1665678613509	1665678613627	OK	 
REQUEST	Users	1		Page 3	1665678614231	1665678614349	OK	 
REQUEST	Admins	2		Page 3	1665678614246	1665678614371	OK	 
REQUEST	Users	1		Page 4	1665678615090	1665678615213	OK	 
REQUEST	Admins	2		Page 4	1665678615106	1665678615227	OK	 
USER	Users	1	END	1665678606781	1665678620215
REQUEST	Admins	2		Form	1665678620211	1665678620329	OK	 
REQUEST	Admins	2		Post	1665678621337	1665678621456	OK	 
REQUEST	Admins	2		Post Redirect 1	1665678621463	1665678621583	OK	 
USER	Admins	2	END	1665678606803	1665678621584
USER	Users	3	START	1665678666822	1665678666822
REQUEST	Users	3		Home	1665678666823	1665678667063	OK	 
REQUEST	Users	3		Home Redirect 1	1665678667064	1665678667201	OK	 
REQUEST	Users	3		Search	1665678668210	1665678668329	OK	 
REQUEST	Users	3		Select	1665678669338	1665678669458	OK	 
REQUEST	Users	3		Home	1665678670458	1665678670579	OK	 
REQUEST	Users	3		Home Redirect 1	1665678670580	1665678670699	OK	 
REQUEST	Users	3		Page 1	1665678672711	1665678672833	OK	 
REQUEST	Users	3		Page 2	1665678673495	1665678673616	OK	 
REQUEST	Users	3		Page 3	1665678674245	1665678674372	OK	 
REQUEST	Users	3		Page 4	1665678675111	1665678675239	OK	 
USER	Users	3	END	1665678666822	1665678680235
USER	Users	4	START	1665678726813	1665678726813
REQUEST	Users	4		Home	1665678726814	1665678727094	OK	 
REQUEST	Users	4		Home Redirect 1	1665678727095	1665678727221	OK	 
REQUEST	Users	4		Search	1665678728240	1665678728358	OK	 
REQUEST	Users	4		Select	1665678729344	1665678729463	OK	 
REQUEST	Users	4		Home	1665678730480	1665678730598	OK	 
REQUEST	Users	4		Home Redirect 1	1665678730599	1665678730717	OK	 
REQUEST	Users	4		Page 1	1665678732717	1665678732836	OK	 
REQUEST	Users	4		Page 2	1665678733507	1665678733626	OK	 
REQUEST	Users	4		Page 3	1665678734241	1665678734362	OK	 
REQUEST	Users	4		Page 4	1665678735117	1665678735235	OK	 
USER	Users	4	END	1665678726813	1665678740227
USER	Users	5	START	1665678786807	1665678786807
REQUEST	Users	5		Home	1665678786807	1665678787043	OK	 
REQUEST	Users	5		Home Redirect 1	1665678787043	1665678787168	OK	 
REQUEST	Users	5		Search	1665678788184	1665678788312	OK	 
REQUEST	Users	5		Select	1665678789323	1665678789444	OK	 
REQUEST	Users	5		Home	1665678790430	1665678790547	OK	 
REQUEST	Users	5		Home Redirect 1	1665678790547	1665678790671	OK	 
REQUEST	Users	5		Page 1	1665678792671	1665678792791	OK	 
REQUEST	Users	5		Page 2	1665678793471	1665678793589	OK	 
REQUEST	Users	5		Page 3	1665678794215	1665678794332	OK	 
REQUEST	Users	5		Page 4	1665678795062	1665678795184	OK	 
USER	Users	5	END	1665678786807	1665678800195
USER	Users	6	START	1665678846799	1665678846799
REQUEST	Users	6		Home	1665678846799	1665678847034	OK	 
REQUEST	Users	6		Home Redirect 1	1665678847035	1665678847168	OK	 
REQUEST	Users	6		Search	1665678848187	1665678848305	OK	 
REQUEST	Users	6		Select	1665678849300	1665678849423	OK	 
REQUEST	Users	6		Home	1665678850431	1665678850545	OK	 
REQUEST	Users	6		Home Redirect 1	1665678850546	1665678850661	OK	 
REQUEST	Users	6		Page 1	1665678852665	1665678852781	OK	 
REQUEST	Users	6		Page 2	1665678853441	1665678853557	OK	 
REQUEST	Users	6		Page 3	1665678854190	1665678854306	OK	 
REQUEST	Users	6		Page 4	1665678855045	1665678855161	OK	 
USER	Users	6	END	1665678846799	1665678860152
USER	Admins	8	START	1665678906801	1665678906801
USER	Users	7	START	1665678906801	1665678906801
REQUEST	Users	7		Home	1665678906802	1665678907074	OK	 
REQUEST	Admins	8		Home	1665678906802	1665678907074	OK	 
REQUEST	Users	7		Home Redirect 1	1665678907074	1665678907202	OK	 
REQUEST	Admins	8		Home Redirect 1	1665678907074	1665678907204	OK	 
REQUEST	Users	7		Search	1665678908219	1665678908340	OK	 
REQUEST	Admins	8		Search	1665678908220	1665678908343	OK	 
REQUEST	Users	7		Select	1665678909347	1665678909469	OK	 
REQUEST	Admins	8		Select	1665678909351	1665678909472	OK	 
REQUEST	Users	7		Home	1665678910471	1665678910591	OK	 
REQUEST	Admins	8		Home	1665678910471	1665678910597	OK	 
REQUEST	Users	7		Home Redirect 1	1665678910591	1665678910711	OK	 
REQUEST	Admins	8		Home Redirect 1	1665678910597	1665678910718	OK	 
REQUEST	Users	7		Page 1	1665678912706	1665678912828	OK	 
REQUEST	Admins	8		Page 1	1665678912706	1665678912828	OK	 
REQUEST	Users	7		Page 2	1665678913480	1665678913602	OK	 
REQUEST	Admins	8		Page 2	1665678913491	1665678913612	OK	 
REQUEST	Users	7		Page 3	1665678914250	1665678914371	OK	 
REQUEST	Admins	8		Page 3	1665678914266	1665678914389	OK	 
REQUEST	Admins	8		Page 4	1665678915101	1665678915223	OK	 
REQUEST	Users	7		Page 4	1665678915101	1665678915225	OK	 
USER	Users	7	END	1665678906801	1665678920233
REQUEST	Admins	8		Form	1665678920234	1665678920355	OK	 
REQUEST	Admins	8		Post	1665678921360	1665678921481	OK	 
REQUEST	Admins	8		Post Redirect 1	1665678921483	1665678921604	OK	 
USER	Admins	8	END	1665678906801	1665678921608
USER	Users	9	START	1665678966796	1665678966796
REQUEST	Users	9		Home	1665678966796	1665678967120	OK	 
REQUEST	Users	9		Home Redirect 1	1665678967121	1665678967251	OK	 
REQUEST	Users	9		Search	1665678968271	1665678968390	OK	 
REQUEST	Users	9		Select	1665678969390	1665678969508	OK	 
REQUEST	Users	9		Home	1665678970511	1665678970630	OK	 
REQUEST	Users	9		Home Redirect 1	1665678970630	1665678970748	OK	 
REQUEST	Users	9		Page 1	1665678972741	1665678972866	OK	 
REQUEST	Users	9		Page 2	1665678973540	1665678973657	OK	 
REQUEST	Users	9		Page 3	1665678974297	1665678974416	OK	 
REQUEST	Users	9		Page 4	1665678975145	1665678975263	OK	 
USER	Users	9	END	1665678966796	1665678980260
USER	Users	10	START	1665679026799	1665679026799
REQUEST	Users	10		Home	1665679026799	1665679027097	OK	 
REQUEST	Users	10		Home Redirect 1	1665679027098	1665679027224	OK	 
REQUEST	Users	10		Search	1665679028234	1665679028356	OK	 
REQUEST	Users	10		Select	1665679029356	1665679029479	OK	 
REQUEST	Users	10		Home	1665679030479	1665679030602	OK	 
REQUEST	Users	10		Home Redirect 1	1665679030602	1665679030724	OK	 
REQUEST	Users	10		Page 1	1665679032741	1665679032881	OK	 
REQUEST	Users	10		Page 2	1665679033555	1665679033678	OK	 
REQUEST	Users	10		Page 3	1665679034281	1665679034405	OK	 
REQUEST	Users	10		Page 4	1665679035156	1665679035279	OK	 
USER	Users	10	END	1665679026799	1665679040271
USER	Users	11	START	1665679086785	1665679086785
REQUEST	Users	11		Home	1665679086786	1665679087037	OK	 
REQUEST	Users	11		Home Redirect 1	1665679087038	1665679087156	OK	 
REQUEST	Users	11		Search	1665679088170	1665679088290	OK	 
REQUEST	Users	11		Select	1665679089291	1665679089407	OK	 
REQUEST	Users	11		Home	1665679090409	1665679090525	OK	 
REQUEST	Users	11		Home Redirect 1	1665679090526	1665679090641	OK	 
REQUEST	Users	11		Page 1	1665679092656	1665679092774	OK	 
REQUEST	Users	11		Page 2	1665679093420	1665679093537	OK	 
REQUEST	Users	11		Page 3	1665679094188	1665679094304	OK	 
REQUEST	Users	11		Page 4	1665679095020	1665679095138	OK	 
USER	Users	11	END	1665679086785	1665679100140
USER	Users	12	START	1665679146794	1665679146794
REQUEST	Users	12		Home	1665679146794	1665679147060	OK	 
REQUEST	Users	12		Home Redirect 1	1665679147060	1665679147176	OK	 
REQUEST	Users	12		Search	1665679148186	1665679148304	OK	 
REQUEST	Users	12		Select	1665679149314	1665679149430	OK	 
REQUEST	Users	12		Home	1665679150425	1665679150542	OK	 
REQUEST	Users	12		Home Redirect 1	1665679150542	1665679150657	OK	 
REQUEST	Users	12		Page 1	1665679152653	1665679152771	OK	 
REQUEST	Users	12		Page 2	1665679153454	1665679153573	OK	 
REQUEST	Users	12		Page 3	1665679154197	1665679154317	OK	 
REQUEST	Users	12		Page 4	1665679155045	1665679155162	OK	 
USER	Users	12	END	1665679146794	1665679160171
